2019-07-19 00:20:41.909  INFO 10116 --- [main] c.t.parking_lot.ParkingLotApplication    : Starting ParkingLotApplication on MACHENI-3N42RHO with PID 10116 (G:\Test\Parking-Lot-Template-2019-7-18-8-5-49-775\out\production\classes started by 李照照 in G:\Test\Parking-Lot-Template-2019-7-18-8-5-49-775)
2019-07-19 00:20:41.914  INFO 10116 --- [main] c.t.parking_lot.ParkingLotApplication    : No active profile set, falling back to default profiles: default
2019-07-19 00:20:42.453  INFO 10116 --- [main] .s.d.r.c.RepositoryConfigurationDelegate : Bootstrapping Spring Data repositories in DEFAULT mode.
2019-07-19 00:20:42.516  INFO 10116 --- [main] .s.d.r.c.RepositoryConfigurationDelegate : Finished Spring Data repository scanning in 56ms. Found 2 repository interfaces.
2019-07-19 00:20:42.796  INFO 10116 --- [main] trationDelegate$BeanPostProcessorChecker : Bean 'org.springframework.transaction.annotation.ProxyTransactionManagementConfiguration' of type [org.springframework.transaction.annotation.ProxyTransactionManagementConfiguration$$EnhancerBySpringCGLIB$$b68c5f48] is not eligible for getting processed by all BeanPostProcessors (for example: not eligible for auto-proxying)
2019-07-19 00:20:43.029  INFO 10116 --- [main] o.s.b.w.embedded.tomcat.TomcatWebServer  : Tomcat initialized with port(s): 8080 (http)
2019-07-19 00:20:43.047  INFO 10116 --- [main] o.apache.catalina.core.StandardService   : Starting service [Tomcat]
2019-07-19 00:20:43.047  INFO 10116 --- [main] org.apache.catalina.core.StandardEngine  : Starting Servlet engine: [Apache Tomcat/9.0.21]
2019-07-19 00:20:43.158  INFO 10116 --- [main] o.a.c.c.C.[Tomcat].[localhost].[/]       : Initializing Spring embedded WebApplicationContext
2019-07-19 00:20:43.158 DEBUG 10116 --- [main] o.s.web.context.ContextLoader            : Published root WebApplicationContext as ServletContext attribute with name [org.springframework.web.context.WebApplicationContext.ROOT]
2019-07-19 00:20:43.158  INFO 10116 --- [main] o.s.web.context.ContextLoader            : Root WebApplicationContext: initialization completed in 1214 ms
2019-07-19 00:20:43.263  INFO 10116 --- [main] o.f.c.internal.license.VersionPrinter    : Flyway Community Edition 5.2.4 by Boxfuse
2019-07-19 00:20:43.265  INFO 10116 --- [main] com.zaxxer.hikari.HikariDataSource       : HikariPool-1 - Starting...
2019-07-19 00:20:43.362  INFO 10116 --- [main] com.zaxxer.hikari.HikariDataSource       : HikariPool-1 - Start completed.
2019-07-19 00:20:43.449  INFO 10116 --- [main] o.f.c.internal.database.DatabaseFactory  : Database: jdbc:h2:file:./database/parking (H2 1.4)
2019-07-19 00:20:43.468  WARN 10116 --- [main] o.f.c.internal.database.base.Database    : Flyway upgrade recommended: H2 1.4.199 is newer than this version of Flyway and support has not been tested.
2019-07-19 00:20:43.513  INFO 10116 --- [main] o.f.core.internal.command.DbValidate     : Successfully validated 3 migrations (execution time 00:00.018s)
2019-07-19 00:20:43.523  INFO 10116 --- [main] o.f.core.internal.command.DbMigrate      : Current version of schema "PUBLIC": 3
2019-07-19 00:20:43.525  INFO 10116 --- [main] o.f.core.internal.command.DbMigrate      : Schema "PUBLIC" is up to date. No migration necessary.
2019-07-19 00:20:44.322  INFO 10116 --- [main] j.LocalContainerEntityManagerFactoryBean : Initialized JPA EntityManagerFactory for persistence unit 'default'
2019-07-19 00:20:44.564 DEBUG 10116 --- [main] o.s.w.s.handler.SimpleUrlHandlerMapping  : Patterns [/**/favicon.ico] in 'faviconHandlerMapping'
2019-07-19 00:20:44.689  INFO 10116 --- [main] o.s.s.concurrent.ThreadPoolTaskExecutor  : Initializing ExecutorService 'applicationTaskExecutor'
2019-07-19 00:20:44.697 DEBUG 10116 --- [main] s.w.s.m.m.a.RequestMappingHandlerAdapter : ControllerAdvice beans: 0 @ModelAttribute, 0 @InitBinder, 1 RequestBodyAdvice, 1 ResponseBodyAdvice
2019-07-19 00:20:44.714  WARN 10116 --- [main] aWebConfiguration$JpaWebMvcConfiguration : spring.jpa.open-in-view is enabled by default. Therefore, database queries may be performed during view rendering. Explicitly configure spring.jpa.open-in-view to disable this warning
2019-07-19 00:20:44.739 DEBUG 10116 --- [main] s.w.s.m.m.a.RequestMappingHandlerMapping : 9 mappings in 'requestMappingHandlerMapping'
2019-07-19 00:20:44.746 DEBUG 10116 --- [main] o.s.w.s.handler.SimpleUrlHandlerMapping  : Patterns [/webjars/**, /**] in 'resourceHandlerMapping'
2019-07-19 00:20:44.752 DEBUG 10116 --- [main] .m.m.a.ExceptionHandlerExceptionResolver : ControllerAdvice beans: 0 @ExceptionHandler, 1 ResponseBodyAdvice
2019-07-19 00:20:44.861  INFO 10116 --- [main] o.s.b.w.embedded.tomcat.TomcatWebServer  : Tomcat started on port(s): 8080 (http) with context path ''
2019-07-19 00:20:44.862  INFO 10116 --- [main] c.t.parking_lot.ParkingLotApplication    : Started ParkingLotApplication in 3.4 seconds (JVM running for 4.1)
